  Enemy.cpp
C:\Users\user\source\repos\spaceInvaders\spaceInvaders\Enemy.cpp(4,6): warning C4244: =: преобразование "int" в "float", возможна потеря данных
C:\Users\user\source\repos\spaceInvaders\spaceInvaders\Enemy.cpp(5,6): warning C4244: =: преобразование "int" в "float", возможна потеря данных
  Fire.cpp
C:\Users\user\source\repos\spaceInvaders\spaceInvaders\Fire.cpp(4,6): warning C4244: =: преобразование "int" в "float", возможна потеря данных
C:\Users\user\source\repos\spaceInvaders\spaceInvaders\Fire.cpp(5,6): warning C4244: =: преобразование "int" в "float", возможна потеря данных
  Game.cpp
C:\Users\user\source\repos\spaceInvaders\spaceInvaders\Game.cpp(15,21): warning C4018: <: несоответствие типов со знаком и без знака
C:\Users\user\source\repos\spaceInvaders\spaceInvaders\Game.cpp(19,21): warning C4018: <: несоответствие типов со знаком и без знака
C:\Users\user\source\repos\spaceInvaders\spaceInvaders\Game.cpp(33,21): warning C4018: <: несоответствие типов со знаком и без знака
C:\Users\user\source\repos\spaceInvaders\spaceInvaders\Game.cpp(52,20): warning C4018: <: несоответствие типов со знаком и без знака
C:\Users\user\source\repos\spaceInvaders\spaceInvaders\Game.cpp(53,25): warning C4018: <: несоответствие типов со знаком и без знака
C:\Users\user\source\repos\spaceInvaders\spaceInvaders\Game.cpp(81,33): warning C4018: <: несоответствие типов со знаком и без знака
  GameObject.cpp
  Player.cpp
C:\Users\user\source\repos\spaceInvaders\spaceInvaders\Player.cpp(4,6): warning C4244: =: преобразование "int" в "float", возможна потеря данных
C:\Users\user\source\repos\spaceInvaders\spaceInvaders\Player.cpp(5,6): warning C4244: =: преобразование "int" в "float", возможна потеря данных
C:\Users\user\source\repos\spaceInvaders\spaceInvaders\Player.cpp(18,28): warning C4244: =: преобразование "T" в "float", возможна потеря данных
          with
          [
              T=int
          ]
C:\Users\user\source\repos\spaceInvaders\spaceInvaders\Player.cpp(23,51): warning C4244: аргумент: преобразование "float" в "int", возможна потеря данных
C:\Users\user\source\repos\spaceInvaders\spaceInvaders\Player.cpp(23,44): warning C4244: аргумент: преобразование "float" в "int", возможна потеря данных
  Source.cpp
  Timer.cpp
C:\Users\user\source\repos\spaceInvaders\spaceInvaders\Timer.cpp(8,37): warning C4244: =: преобразование "unsigned int" в "float", возможна потеря данных
C:\Users\user\source\repos\spaceInvaders\spaceInvaders\Timer.cpp(12,13): warning C4244: инициализация: преобразование "sf::Int64" в "float", возможна потеря данных
C:\Users\user\source\repos\spaceInvaders\spaceInvaders\Timer.cpp(27,38): warning C4244: аргумент: преобразование "float" в "const int", возможна потеря данных
  Wall.cpp
C:\Users\user\source\repos\spaceInvaders\spaceInvaders\Wall.cpp(4,6): warning C4244: =: преобразование "int" в "float", возможна потеря данных
C:\Users\user\source\repos\spaceInvaders\spaceInvaders\Wall.cpp(5,6): warning C4244: =: преобразование "int" в "float", возможна потеря данных
  Создание кода
  1 of 183 functions ( 0.5%) were compiled, the rest were copied from previous compilation.
    0 functions were new in current compilation
    1 functions had inline decision re-evaluated but remain unchanged
  Создание кода завершено
  spaceInvaders.vcxproj -> C:\Users\user\source\repos\spaceInvaders\Release\spaceInvaders.exe
