c:\users\user\source\repos\spaceinvaders\spaceinvaders\release\vc142.pdb
c:\users\user\source\repos\spaceinvaders\spaceinvaders\release\game.obj
c:\users\user\source\repos\spaceinvaders\spaceinvaders\release\enemy.obj
c:\users\user\source\repos\spaceinvaders\spaceinvaders\release\wall.obj
c:\users\user\source\repos\spaceinvaders\spaceinvaders\release\timer.obj
c:\users\user\source\repos\spaceinvaders\spaceinvaders\release\source.obj
c:\users\user\source\repos\spaceinvaders\spaceinvaders\release\player.obj
c:\users\user\source\repos\spaceinvaders\spaceinvaders\release\gameobject.obj
c:\users\user\source\repos\spaceinvaders\spaceinvaders\release\fire.obj
c:\users\user\source\repos\spaceinvaders\spaceinvaders\release\computer.obj
c:\users\user\source\repos\spaceinvaders\release\spaceinvaders.exe
c:\users\user\source\repos\spaceinvaders\release\spaceinvaders.pdb
c:\users\user\source\repos\spaceinvaders\release\spaceinvaders.ipdb
c:\users\user\source\repos\spaceinvaders\release\spaceinvaders.iobj
c:\users\user\source\repos\spaceinvaders\spaceinvaders\release\spaceinvaders.tlog\cl.command.1.tlog
c:\users\user\source\repos\spaceinvaders\spaceinvaders\release\spaceinvaders.tlog\cl.read.1.tlog
c:\users\user\source\repos\spaceinvaders\spaceinvaders\release\spaceinvaders.tlog\cl.write.1.tlog
c:\users\user\source\repos\spaceinvaders\spaceinvaders\release\spaceinvaders.tlog\link.command.1.tlog
c:\users\user\source\repos\spaceinvaders\spaceinvaders\release\spaceinvaders.tlog\link.read.1.tlog
c:\users\user\source\repos\spaceinvaders\spaceinvaders\release\spaceinvaders.tlog\link.write.1.tlog
c:\users\user\source\repos\spaceinvaders\spaceinvaders\release\spaceinvaders.tlog\spaceinvaders.write.1u.tlog
