c:\users\user\source\repos\spaceinvaders\function\release\function.pch
c:\users\user\source\repos\spaceinvaders\function\release\vc142.pdb
c:\users\user\source\repos\spaceinvaders\function\release\pch.obj
c:\users\user\source\repos\spaceinvaders\function\release\function.obj
c:\users\user\source\repos\spaceinvaders\function\release\wall.obj
c:\users\user\source\repos\spaceinvaders\function\release\timer.obj
c:\users\user\source\repos\spaceinvaders\function\release\player.obj
c:\users\user\source\repos\spaceinvaders\function\release\gameobject.obj
c:\users\user\source\repos\spaceinvaders\function\release\game.obj
c:\users\user\source\repos\spaceinvaders\function\release\fire.obj
c:\users\user\source\repos\spaceinvaders\function\release\enemy.obj
c:\users\user\source\repos\spaceinvaders\function\release\computer.obj
c:\users\user\source\repos\spaceinvaders\release\function.lib
c:\users\user\source\repos\spaceinvaders\release\function.exp
c:\users\user\source\repos\spaceinvaders\release\function.ipdb
c:\users\user\source\repos\spaceinvaders\release\function.iobj
c:\users\user\source\repos\spaceinvaders\release\function.dll
c:\users\user\source\repos\spaceinvaders\release\function.pdb
c:\users\user\source\repos\spaceinvaders\function\release\function.tlog\cl.command.1.tlog
c:\users\user\source\repos\spaceinvaders\function\release\function.tlog\cl.read.1.tlog
c:\users\user\source\repos\spaceinvaders\function\release\function.tlog\cl.write.1.tlog
c:\users\user\source\repos\spaceinvaders\function\release\function.tlog\function.write.1u.tlog
c:\users\user\source\repos\spaceinvaders\function\release\function.tlog\link.command.1.tlog
c:\users\user\source\repos\spaceinvaders\function\release\function.tlog\link.read.1.tlog
c:\users\user\source\repos\spaceinvaders\function\release\function.tlog\link.write.1.tlog
